<?xml version="1.0" encoding="UTF-8"?>
<testng-results skipped="0" failed="0" ignored="0" total="1" passed="1">
  <reporter-output>
  </reporter-output>
  <suite name="Suite" duration-ms="3879" started-at="2022-05-02T15:52:31 PDT" finished-at="2022-05-02T15:52:34 PDT">
    <groups>
    </groups>
    <test name="Test" duration-ms="3879" started-at="2022-05-02T15:52:31 PDT" finished-at="2022-05-02T15:52:34 PDT">
      <class name="com.TestCases.ProductSelection">
        <test-method status="PASS" signature="launchBrowser()[pri:0, instance:com.TestCases.ProductSelection@d1af89]" name="launchBrowser" duration-ms="3840" started-at="2022-05-02T15:52:31 PDT" finished-at="2022-05-02T15:52:34 PDT">
          <reporter-output>
          </reporter-output>
        </test-method> <!-- launchBrowser -->
      </class> <!-- com.TestCases.ProductSelection -->
    </test> <!-- Test -->
  </suite> <!-- Suite -->
</testng-results>
